2025-12-03 12:28:07,719 - __main__ - INFO - ============================================================
2025-12-03 12:28:07,719 - __main__ - INFO - INICIANDO PIPELINE ETL - POKÉMON TCG
2025-12-03 12:28:07,720 - __main__ - INFO - Fecha y hora: 2025-12-03 12:28:07.719213
2025-12-03 12:28:07,720 - __main__ - INFO - ============================================================
2025-12-03 12:30:06,169 - __main__ - INFO - 
============================================================
2025-12-03 12:30:06,170 - __main__ - INFO - PASO 1: EXTRACCIÓN DE DATOS
2025-12-03 12:30:06,170 - __main__ - INFO - ============================================================
2025-12-03 12:30:06,292 - extraction - ERROR - Archivo no encontrado: ../data/raw/pokemon_cards.csv
2025-12-03 12:30:06,293 - extraction - ERROR - Error en la extracción de datos: Archivo no encontrado: ../data/raw/pokemon_cards.csv
2025-12-03 12:30:06,293 - __main__ - ERROR - 
============================================================
2025-12-03 12:30:06,294 - __main__ - ERROR - ERROR EN EL PIPELINE ETL
2025-12-03 12:30:06,295 - __main__ - ERROR - ============================================================
2025-12-03 12:30:06,296 - __main__ - ERROR - Error: Archivo no encontrado: ../data/raw/pokemon_cards.csv
Traceback (most recent call last):
  File "c:\Users\Gael Pérez Cruz\Desktop\pokemon_tcg_analysis\scripts\main_etl.py", line 46, in run_etl_pipeline
    df_raw = extract_data()
  File "c:\Users\Gael Pérez Cruz\Desktop\pokemon_tcg_analysis\scripts\extraction.py", line 29, in extract_data
    raise FileNotFoundError(f"Archivo no encontrado: {file_path}")
FileNotFoundError: Archivo no encontrado: ../data/raw/pokemon_cards.csv
2025-12-03 12:30:06,573 - __main__ - ERROR - ============================================================
2025-12-03 12:37:25,921 - __main__ - INFO - ============================================================
2025-12-03 12:37:25,922 - __main__ - INFO - INICIANDO PIPELINE ETL - POKÉMON TCG
2025-12-03 12:37:25,922 - __main__ - INFO - Fecha y hora: 2025-12-03 12:37:25.920794
2025-12-03 12:37:25,925 - __main__ - INFO - ============================================================
2025-12-03 12:37:27,440 - __main__ - INFO - 
============================================================
2025-12-03 12:37:27,440 - __main__ - INFO - PASO 1: EXTRACCIÓN DE DATOS
2025-12-03 12:37:27,440 - __main__ - INFO - ============================================================
2025-12-03 12:37:27,441 - extraction - ERROR - Archivo no encontrado: ../data/raw/pokemon_cards.csv
2025-12-03 12:37:27,441 - extraction - ERROR - Error en la extracción de datos: Archivo no encontrado: ../data/raw/pokemon_cards.csv
2025-12-03 12:37:27,441 - __main__ - ERROR - 
============================================================
2025-12-03 12:37:27,441 - __main__ - ERROR - ERROR EN EL PIPELINE ETL
2025-12-03 12:37:27,442 - __main__ - ERROR - ============================================================
2025-12-03 12:37:27,442 - __main__ - ERROR - Error: Archivo no encontrado: ../data/raw/pokemon_cards.csv
Traceback (most recent call last):
  File "c:\Users\Gael Pérez Cruz\Desktop\pokemon_tcg_analysis\scripts\main_etl.py", line 46, in run_etl_pipeline
    df_raw = extract_data()
  File "c:\Users\Gael Pérez Cruz\Desktop\pokemon_tcg_analysis\scripts\extraction.py", line 29, in extract_data
    raise FileNotFoundError(f"Archivo no encontrado: {file_path}")
FileNotFoundError: Archivo no encontrado: ../data/raw/pokemon_cards.csv
2025-12-03 12:37:27,443 - __main__ - ERROR - ============================================================
2025-12-03 12:40:21,658 - __main__ - INFO - ============================================================
2025-12-03 12:40:21,659 - __main__ - INFO - INICIANDO PIPELINE ETL - POKÉMON TCG
2025-12-03 12:40:21,659 - __main__ - INFO - Fecha y hora: 2025-12-03 12:40:21.658537
2025-12-03 12:40:21,660 - __main__ - INFO - ============================================================
2025-12-03 12:40:22,174 - __main__ - ERROR - 
============================================================
2025-12-03 12:40:22,175 - __main__ - ERROR - ERROR EN EL PIPELINE ETL
2025-12-03 12:40:22,175 - __main__ - ERROR - ============================================================
2025-12-03 12:40:22,176 - __main__ - ERROR - Error: (unicode error) 'unicodeescape' codec can't decode bytes in position 2-3: truncated \UXXXXXXXX escape (extraction.py, line 14)
Traceback (most recent call last):
  File "c:\Users\Gael Pérez Cruz\Desktop\pokemon_tcg_analysis\scripts\main_etl.py", line 37, in run_etl_pipeline
    from extraction import extract_data, save_raw_data
  File "c:\Users\Gael Pérez Cruz\Desktop\pokemon_tcg_analysis\scripts\extraction.py", line 14
    def extract_data(file_path: str = "C:\Users\Gael Pérez Cruz\Desktop\pokemon_tcg_analysis\data\raw\pokemon_cards.csv") -> pd.DataFrame:
                                      ^^^^^^^^^^^^^^^^^^^^^^^^^^^^^^^^^^^^^^^^^^^^^^^^^^^^^^^^^^^^^^^^^^^^^^^^^^^^^^^^^^
SyntaxError: (unicode error) 'unicodeescape' codec can't decode bytes in position 2-3: truncated \UXXXXXXXX escape
2025-12-03 12:40:22,201 - __main__ - ERROR - ============================================================
2025-12-03 12:41:21,491 - __main__ - INFO - ============================================================
2025-12-03 12:41:21,492 - __main__ - INFO - INICIANDO PIPELINE ETL - POKÉMON TCG
2025-12-03 12:41:21,492 - __main__ - INFO - Fecha y hora: 2025-12-03 12:41:21.491663
2025-12-03 12:41:21,493 - __main__ - INFO - ============================================================
2025-12-03 12:41:22,617 - __main__ - INFO - 
============================================================
2025-12-03 12:41:22,617 - __main__ - INFO - PASO 1: EXTRACCIÓN DE DATOS
2025-12-03 12:41:22,617 - __main__ - INFO - ============================================================
2025-12-03 12:41:22,618 - extraction - INFO - Extrayendo datos de: C:\Users\Gael Pérez Cruz\Desktop\pokemon_tcg_analysis\data\raw\pokemon_cards.csv
2025-12-03 12:41:22,730 - extraction - ERROR - Error en la extracción de datos: 'utf-8' codec can't decode byte 0xa3 in position 6: invalid start byte
2025-12-03 12:41:22,730 - __main__ - ERROR - 
============================================================
2025-12-03 12:41:22,731 - __main__ - ERROR - ERROR EN EL PIPELINE ETL
2025-12-03 12:41:22,731 - __main__ - ERROR - ============================================================
2025-12-03 12:41:22,732 - __main__ - ERROR - Error: 'utf-8' codec can't decode byte 0xa3 in position 6: invalid start byte
Traceback (most recent call last):
  File "c:\Users\Gael Pérez Cruz\Desktop\pokemon_tcg_analysis\scripts\main_etl.py", line 46, in run_etl_pipeline
    df_raw = extract_data()
  File "c:\Users\Gael Pérez Cruz\Desktop\pokemon_tcg_analysis\scripts\extraction.py", line 35, in extract_data
    df = pd.read_csv(file_path, encoding='utf-8')
  File "C:\Users\Gael Pérez Cruz\AppData\Local\Programs\Python\Python313\Lib\site-packages\pandas\io\parsers\readers.py", line 1026, in read_csv
    return _read(filepath_or_buffer, kwds)
  File "C:\Users\Gael Pérez Cruz\AppData\Local\Programs\Python\Python313\Lib\site-packages\pandas\io\parsers\readers.py", line 620, in _read
    parser = TextFileReader(filepath_or_buffer, **kwds)
  File "C:\Users\Gael Pérez Cruz\AppData\Local\Programs\Python\Python313\Lib\site-packages\pandas\io\parsers\readers.py", line 1620, in __init__
    self._engine = self._make_engine(f, self.engine)
                   ~~~~~~~~~~~~~~~~~^^^^^^^^^^^^^^^^
  File "C:\Users\Gael Pérez Cruz\AppData\Local\Programs\Python\Python313\Lib\site-packages\pandas\io\parsers\readers.py", line 1898, in _make_engine
    return mapping[engine](f, **self.options)
           ~~~~~~~~~~~~~~~^^^^^^^^^^^^^^^^^^^
  File "C:\Users\Gael Pérez Cruz\AppData\Local\Programs\Python\Python313\Lib\site-packages\pandas\io\parsers\c_parser_wrapper.py", line 93, in __init__
    self._reader = parsers.TextReader(src, **kwds)
                   ~~~~~~~~~~~~~~~~~~^^^^^^^^^^^^^
  File "pandas/_libs/parsers.pyx", line 574, in pandas._libs.parsers.TextReader.__cinit__
  File "pandas/_libs/parsers.pyx", line 691, in pandas._libs.parsers.TextReader._get_header
UnicodeDecodeError: 'utf-8' codec can't decode byte 0xa3 in position 6: invalid start byte
2025-12-03 12:41:22,874 - __main__ - ERROR - ============================================================
2025-12-03 12:43:24,684 - __main__ - INFO - ============================================================
2025-12-03 12:43:24,685 - __main__ - INFO - INICIANDO PIPELINE ETL - POKÉMON TCG
2025-12-03 12:43:24,685 - __main__ - INFO - Fecha y hora: 2025-12-03 12:43:24.684691
2025-12-03 12:43:24,685 - __main__ - INFO - ============================================================
2025-12-03 12:43:25,852 - __main__ - INFO - 
============================================================
2025-12-03 12:43:25,852 - __main__ - INFO - PASO 1: EXTRACCIÓN DE DATOS
2025-12-03 12:43:25,852 - __main__ - INFO - ============================================================
2025-12-03 12:43:25,853 - extraction - INFO - Extrayendo datos de: C:\Users\Gael Pérez Cruz\Desktop\pokemon_tcg_analysis\data\raw\pokemon_cards.csv
2025-12-03 12:43:27,981 - extraction - INFO - Datos extraídos exitosamente. Forma: (25598, 5)
2025-12-03 12:43:27,982 - extraction - INFO - Columnas: ['Pokemon', 'Card Type', 'Generation', 'Card Number', 'Price']
2025-12-03 12:43:27,982 - extraction - INFO - Número de registros: 25598
2025-12-03 12:43:27,983 - extraction - INFO - Número de columnas: 5
2025-12-03 12:43:30,949 - extraction - INFO - Primeras 5 filas:
    Pokemon     Card Type Generation Card Number  Price
0  AMPHAROS  REVERSE HOLO  AQUAPOLIS  001 OF 147   2.95
1  AMPHAROS      STANDARD  AQUAPOLIS  001 OF 147   2.50
2  ARCANINE  REVERSE HOLO  AQUAPOLIS  002 OF 147   3.95
3  ARCANINE      STANDARD  AQUAPOLIS  002 OF 147   2.95
4   ARIADOS  REVERSE HOLO  AQUAPOLIS  003 OF 147   2.50
2025-12-03 12:43:32,836 - extraction - INFO - Datos crudos guardados en: ../data/raw/raw_data_backup.csv
2025-12-03 12:43:32,836 - __main__ - INFO - 
============================================================
2025-12-03 12:43:32,836 - __main__ - INFO - PASO 2: TRANSFORMACIÓN DE DATOS
2025-12-03 12:43:32,837 - __main__ - INFO - ============================================================
2025-12-03 12:43:32,837 - transformation - INFO - Iniciando transformación de datos...
2025-12-03 12:43:32,891 - transformation - INFO - Precio mínimo: 0.09
2025-12-03 12:43:32,891 - transformation - INFO - Precio máximo: 899.99
2025-12-03 12:43:32,892 - transformation - INFO - Precio promedio: 5.96
2025-12-03 12:43:34,429 - transformation - INFO - Extrayendo información de expansión...
2025-12-03 12:43:34,479 - transformation - INFO - Extrayendo información del número de carta...
2025-12-03 12:43:34,550 - transformation - INFO - Calculando niveles de rareza...
2025-12-03 12:43:37,976 - transformation - INFO - Eliminados 175 registros duplicados
2025-12-03 12:43:37,977 - transformation - INFO - === ESTADÍSTICAS FINALES ===
2025-12-03 12:43:37,978 - transformation - INFO - Total registros: 25423
2025-12-03 12:43:37,985 - transformation - INFO - Pokémon únicos: 3362
2025-12-03 12:43:37,990 - transformation - INFO - Expansiones únicas: 217
2025-12-03 12:43:37,993 - transformation - INFO - Tipos de carta únicos: 88
2025-12-03 12:43:38,298 - transformation - INFO - Distribución de rareza:
rarity_level
Common           21246
Uncommon          1377
Rare               918
Ultra Rare         737
Secret Rare        595
Uncommon Holo      342
Holofoil Rare      206
Common Holo          2
Name: count, dtype: int64
2025-12-03 12:43:38,304 - transformation - ERROR - Error al guardar datos transformados: name 'Path' is not defined
2025-12-03 12:43:38,305 - __main__ - INFO - 
============================================================
2025-12-03 12:43:38,306 - __main__ - INFO - PASO 3: CARGA A BASE DE DATOS
2025-12-03 12:43:38,307 - __main__ - INFO - ============================================================
2025-12-03 12:43:38,309 - load - INFO - Iniciando carga de datos a base de datos: pokemon_cards.db
2025-12-03 12:43:40,738 - load - ERROR - Archivo schema.sql no encontrado en: ..\database\schema.sql
2025-12-03 12:43:40,739 - load - ERROR - Error al crear esquema de base de datos: schema.sql no encontrado
2025-12-03 12:43:40,739 - load - ERROR - Error en carga de datos: schema.sql no encontrado
2025-12-03 12:43:40,740 - __main__ - ERROR - 
============================================================
2025-12-03 12:43:40,740 - __main__ - ERROR - ERROR EN EL PIPELINE ETL
2025-12-03 12:43:40,741 - __main__ - ERROR - ============================================================
2025-12-03 12:43:40,741 - __main__ - ERROR - Error: schema.sql no encontrado
Traceback (most recent call last):
  File "c:\Users\Gael Pérez Cruz\Desktop\pokemon_tcg_analysis\scripts\main_etl.py", line 62, in run_etl_pipeline
    results = load_data_to_db(df_transformed)
  File "c:\Users\Gael Pérez Cruz\Desktop\pokemon_tcg_analysis\scripts\load.py", line 199, in load_data_to_db
    create_database_schema(db_path)
    ~~~~~~~~~~~~~~~~~~~~~~^^^^^^^^^
  File "c:\Users\Gael Pérez Cruz\Desktop\pokemon_tcg_analysis\scripts\load.py", line 42, in create_database_schema
    raise FileNotFoundError(f"schema.sql no encontrado")
FileNotFoundError: schema.sql no encontrado
2025-12-03 12:43:40,743 - __main__ - ERROR - ============================================================
2025-12-03 12:44:38,656 - __main__ - INFO - ============================================================
2025-12-03 12:44:38,658 - __main__ - INFO - INICIANDO PIPELINE ETL - POKÉMON TCG
2025-12-03 12:44:38,671 - __main__ - INFO - Fecha y hora: 2025-12-03 12:44:38.656505
2025-12-03 12:44:38,673 - __main__ - INFO - ============================================================
2025-12-03 12:44:39,671 - __main__ - INFO - 
============================================================
2025-12-03 12:44:39,671 - __main__ - INFO - PASO 1: EXTRACCIÓN DE DATOS
2025-12-03 12:44:39,671 - __main__ - INFO - ============================================================
2025-12-03 12:44:39,672 - extraction - INFO - Extrayendo datos de: C:\Users\Gael Pérez Cruz\Desktop\pokemon_tcg_analysis\data\raw\pokemon_cards.csv
2025-12-03 12:44:39,706 - extraction - INFO - Datos extraídos exitosamente. Forma: (25598, 5)
2025-12-03 12:44:39,706 - extraction - INFO - Columnas: ['Pokemon', 'Card Type', 'Generation', 'Card Number', 'Price']
2025-12-03 12:44:39,707 - extraction - INFO - Número de registros: 25598
2025-12-03 12:44:39,707 - extraction - INFO - Número de columnas: 5
2025-12-03 12:44:39,716 - extraction - INFO - Primeras 5 filas:
    Pokemon     Card Type Generation Card Number  Price
0  AMPHAROS  REVERSE HOLO  AQUAPOLIS  001 OF 147   2.95
1  AMPHAROS      STANDARD  AQUAPOLIS  001 OF 147   2.50
2  ARCANINE  REVERSE HOLO  AQUAPOLIS  002 OF 147   3.95
3  ARCANINE      STANDARD  AQUAPOLIS  002 OF 147   2.95
4   ARIADOS  REVERSE HOLO  AQUAPOLIS  003 OF 147   2.50
2025-12-03 12:44:39,790 - extraction - INFO - Datos crudos guardados en: ../data/raw/raw_data_backup.csv
2025-12-03 12:44:39,791 - __main__ - INFO - 
============================================================
2025-12-03 12:44:39,791 - __main__ - INFO - PASO 2: TRANSFORMACIÓN DE DATOS
2025-12-03 12:44:39,791 - __main__ - INFO - ============================================================
2025-12-03 12:44:39,791 - transformation - INFO - Iniciando transformación de datos...
2025-12-03 12:44:39,823 - transformation - INFO - Precio mínimo: 0.09
2025-12-03 12:44:39,823 - transformation - INFO - Precio máximo: 899.99
2025-12-03 12:44:39,824 - transformation - INFO - Precio promedio: 5.96
2025-12-03 12:44:39,846 - transformation - INFO - Extrayendo información de expansión...
2025-12-03 12:44:39,890 - transformation - INFO - Extrayendo información del número de carta...
2025-12-03 12:44:39,963 - transformation - INFO - Calculando niveles de rareza...
2025-12-03 12:44:40,200 - transformation - INFO - Eliminados 175 registros duplicados
2025-12-03 12:44:40,201 - transformation - INFO - === ESTADÍSTICAS FINALES ===
2025-12-03 12:44:40,201 - transformation - INFO - Total registros: 25423
2025-12-03 12:44:40,203 - transformation - INFO - Pokémon únicos: 3362
2025-12-03 12:44:40,205 - transformation - INFO - Expansiones únicas: 217
2025-12-03 12:44:40,208 - transformation - INFO - Tipos de carta únicos: 88
2025-12-03 12:44:40,212 - transformation - INFO - Distribución de rareza:
rarity_level
Common           21246
Uncommon          1377
Rare               918
Ultra Rare         737
Secret Rare        595
Uncommon Holo      342
Holofoil Rare      206
Common Holo          2
Name: count, dtype: int64
2025-12-03 12:44:40,574 - transformation - INFO - Datos transformados guardados en: ../data/processed/pokemon_cards_clean.csv
2025-12-03 12:44:40,576 - __main__ - INFO - 
============================================================
2025-12-03 12:44:40,576 - __main__ - INFO - PASO 3: CARGA A BASE DE DATOS
2025-12-03 12:44:40,577 - __main__ - INFO - ============================================================
2025-12-03 12:44:40,577 - load - INFO - Iniciando carga de datos a base de datos: pokemon_cards.db
2025-12-03 12:44:40,578 - load - ERROR - Archivo schema.sql no encontrado en: ..\database\schema.sql
2025-12-03 12:44:40,578 - load - ERROR - Error al crear esquema de base de datos: schema.sql no encontrado
2025-12-03 12:44:40,579 - load - ERROR - Error en carga de datos: schema.sql no encontrado
2025-12-03 12:44:40,579 - __main__ - ERROR - 
============================================================
2025-12-03 12:44:40,580 - __main__ - ERROR - ERROR EN EL PIPELINE ETL
2025-12-03 12:44:40,580 - __main__ - ERROR - ============================================================
2025-12-03 12:44:40,580 - __main__ - ERROR - Error: schema.sql no encontrado
Traceback (most recent call last):
  File "c:\Users\Gael Pérez Cruz\Desktop\pokemon_tcg_analysis\scripts\main_etl.py", line 62, in run_etl_pipeline
    results = load_data_to_db(df_transformed)
  File "c:\Users\Gael Pérez Cruz\Desktop\pokemon_tcg_analysis\scripts\load.py", line 199, in load_data_to_db
    create_database_schema(db_path)
    ~~~~~~~~~~~~~~~~~~~~~~^^^^^^^^^
  File "c:\Users\Gael Pérez Cruz\Desktop\pokemon_tcg_analysis\scripts\load.py", line 42, in create_database_schema
    raise FileNotFoundError(f"schema.sql no encontrado")
FileNotFoundError: schema.sql no encontrado
2025-12-03 12:44:40,583 - __main__ - ERROR - ============================================================
2025-12-03 12:47:40,431 - __main__ - INFO - ============================================================
2025-12-03 12:47:40,432 - __main__ - INFO - INICIANDO PIPELINE ETL - POKÉMON TCG
2025-12-03 12:47:40,432 - __main__ - INFO - Fecha y hora: 2025-12-03 12:47:40.431677
2025-12-03 12:47:40,432 - __main__ - INFO - ============================================================
2025-12-03 12:47:41,416 - __main__ - ERROR - 
============================================================
2025-12-03 12:47:41,417 - __main__ - ERROR - ERROR EN EL PIPELINE ETL
2025-12-03 12:47:41,417 - __main__ - ERROR - ============================================================
2025-12-03 12:47:41,417 - __main__ - ERROR - Error: schema.sql no encontrado en ..\database\schema.sql
Traceback (most recent call last):
  File "c:\Users\Gael Pérez Cruz\Desktop\pokemon_tcg_analysis\scripts\main_etl.py", line 39, in run_etl_pipeline
    from load import load_data_to_db
  File "c:\Users\Gael Pérez Cruz\Desktop\pokemon_tcg_analysis\scripts\load.py", line 16, in <module>
    raise FileNotFoundError(f"schema.sql no encontrado en {schema_file}")
FileNotFoundError: schema.sql no encontrado en ..\database\schema.sql
2025-12-03 12:47:41,418 - __main__ - ERROR - ============================================================
2025-12-03 12:50:19,818 - __main__ - INFO - ============================================================
2025-12-03 12:50:19,818 - __main__ - INFO - INICIANDO PIPELINE ETL - POKÉMON TCG
2025-12-03 12:50:19,818 - __main__ - INFO - Fecha y hora: 2025-12-03 12:50:19.818210
2025-12-03 12:50:19,818 - __main__ - INFO - ============================================================
2025-12-03 12:50:40,734 - __main__ - ERROR - 
============================================================
2025-12-03 12:50:40,734 - __main__ - ERROR - ERROR EN EL PIPELINE ETL
2025-12-03 12:50:40,734 - __main__ - ERROR - ============================================================
2025-12-03 12:50:40,734 - __main__ - ERROR - Error: (unicode error) 'unicodeescape' codec can't decode bytes in position 2-3: truncated \UXXXXXXXX escape (load.py, line 14)
Traceback (most recent call last):
  File "c:\Users\Gael Pérez Cruz\Desktop\pokemon_tcg_analysis\scripts\main_etl.py", line 39, in run_etl_pipeline
    from load import load_data_to_db
  File "c:\Users\Gael Pérez Cruz\Desktop\pokemon_tcg_analysis\scripts\load.py", line 14
    schema_file = Path("C:\Users\Gael Pérez Cruz\Desktop\pokemon_tcg_analysis\database\schema.sql")
                       ^^^^^^^^^^^^^^^^^^^^^^^^^^^^^^^^^^^^^^^^^^^^^^^^^^^^^^^^^^^^^^^^^^^^^^^^^^^
SyntaxError: (unicode error) 'unicodeescape' codec can't decode bytes in position 2-3: truncated \UXXXXXXXX escape
2025-12-03 12:50:40,735 - __main__ - ERROR - ============================================================
2025-12-03 12:54:24,529 - __main__ - INFO - ============================================================
2025-12-03 12:54:24,530 - __main__ - INFO - INICIANDO PIPELINE ETL - POKÉMON TCG
2025-12-03 12:54:24,530 - __main__ - INFO - Fecha y hora: 2025-12-03 12:54:24.529487
2025-12-03 12:54:24,531 - __main__ - INFO - ============================================================
2025-12-03 12:54:25,388 - __main__ - ERROR - 
============================================================
2025-12-03 12:54:25,388 - __main__ - ERROR - ERROR EN EL PIPELINE ETL
2025-12-03 12:54:25,388 - __main__ - ERROR - ============================================================
2025-12-03 12:54:25,388 - __main__ - ERROR - Error: (unicode error) 'unicodeescape' codec can't decode bytes in position 2-3: truncated \UXXXXXXXX escape (load.py, line 14)
Traceback (most recent call last):
  File "c:\Users\Gael Pérez Cruz\Desktop\pokemon_tcg_analysis\scripts\main_etl.py", line 39, in run_etl_pipeline
    from load import load_data_to_db
  File "c:\Users\Gael Pérez Cruz\Desktop\pokemon_tcg_analysis\scripts\load.py", line 14
    schema_file = Path("C:\Users\Gael Pérez Cruz\Desktop\pokemon_tcg_analysis\database\schema.sql")
                       ^^^^^^^^^^^^^^^^^^^^^^^^^^^^^^^^^^^^^^^^^^^^^^^^^^^^^^^^^^^^^^^^^^^^^^^^^^^
SyntaxError: (unicode error) 'unicodeescape' codec can't decode bytes in position 2-3: truncated \UXXXXXXXX escape
2025-12-03 12:54:25,389 - __main__ - ERROR - ============================================================
2025-12-03 12:55:30,482 - __main__ - INFO - ============================================================
2025-12-03 12:55:30,483 - __main__ - INFO - INICIANDO PIPELINE ETL - POKÉMON TCG
2025-12-03 12:55:30,483 - __main__ - INFO - Fecha y hora: 2025-12-03 12:55:30.482655
2025-12-03 12:55:30,484 - __main__ - INFO - ============================================================
2025-12-03 12:55:31,542 - __main__ - INFO - 
============================================================
2025-12-03 12:55:31,543 - __main__ - INFO - PASO 1: EXTRACCIÓN DE DATOS
2025-12-03 12:55:31,543 - __main__ - INFO - ============================================================
2025-12-03 12:55:31,544 - extraction - INFO - Extrayendo datos de: C:\Users\Gael Pérez Cruz\Desktop\pokemon_tcg_analysis\data\raw\pokemon_cards.csv
2025-12-03 12:55:31,588 - extraction - INFO - Datos extraídos exitosamente. Forma: (25598, 5)
2025-12-03 12:55:31,659 - extraction - INFO - Columnas: ['Pokemon', 'Card Type', 'Generation', 'Card Number', 'Price']
2025-12-03 12:55:31,660 - extraction - INFO - Número de registros: 25598
2025-12-03 12:55:31,661 - extraction - INFO - Número de columnas: 5
2025-12-03 12:55:31,685 - extraction - INFO - Primeras 5 filas:
    Pokemon     Card Type Generation Card Number  Price
0  AMPHAROS  REVERSE HOLO  AQUAPOLIS  001 OF 147   2.95
1  AMPHAROS      STANDARD  AQUAPOLIS  001 OF 147   2.50
2  ARCANINE  REVERSE HOLO  AQUAPOLIS  002 OF 147   3.95
3  ARCANINE      STANDARD  AQUAPOLIS  002 OF 147   2.95
4   ARIADOS  REVERSE HOLO  AQUAPOLIS  003 OF 147   2.50
2025-12-03 12:55:31,957 - extraction - INFO - Datos crudos guardados en: ../data/raw/raw_data_backup.csv
2025-12-03 12:55:31,957 - __main__ - INFO - 
============================================================
2025-12-03 12:55:31,957 - __main__ - INFO - PASO 2: TRANSFORMACIÓN DE DATOS
2025-12-03 12:55:31,957 - __main__ - INFO - ============================================================
2025-12-03 12:55:31,958 - transformation - INFO - Iniciando transformación de datos...
2025-12-03 12:55:31,989 - transformation - INFO - Precio mínimo: 0.09
2025-12-03 12:55:31,990 - transformation - INFO - Precio máximo: 899.99
2025-12-03 12:55:31,991 - transformation - INFO - Precio promedio: 5.96
2025-12-03 12:55:32,011 - transformation - INFO - Extrayendo información de expansión...
2025-12-03 12:55:32,054 - transformation - INFO - Extrayendo información del número de carta...
2025-12-03 12:55:32,119 - transformation - INFO - Calculando niveles de rareza...
2025-12-03 12:55:32,391 - transformation - INFO - Eliminados 175 registros duplicados
2025-12-03 12:55:32,392 - transformation - INFO - === ESTADÍSTICAS FINALES ===
2025-12-03 12:55:32,392 - transformation - INFO - Total registros: 25423
2025-12-03 12:55:32,394 - transformation - INFO - Pokémon únicos: 3362
2025-12-03 12:55:32,397 - transformation - INFO - Expansiones únicas: 217
2025-12-03 12:55:32,399 - transformation - INFO - Tipos de carta únicos: 88
2025-12-03 12:55:32,402 - transformation - INFO - Distribución de rareza:
rarity_level
Common           21246
Uncommon          1377
Rare               918
Ultra Rare         737
Secret Rare        595
Uncommon Holo      342
Holofoil Rare      206
Common Holo          2
Name: count, dtype: int64
2025-12-03 12:55:32,611 - transformation - INFO - Datos transformados guardados en: ../data/processed/pokemon_cards_clean.csv
2025-12-03 12:55:32,612 - __main__ - INFO - 
============================================================
2025-12-03 12:55:32,613 - __main__ - INFO - PASO 3: CARGA A BASE DE DATOS
2025-12-03 12:55:32,613 - __main__ - INFO - ============================================================
2025-12-03 12:55:32,613 - load - INFO - Iniciando carga de datos a base de datos: pokemon_cards.db
2025-12-03 12:55:43,619 - load - ERROR - Error al crear esquema de base de datos: near "SET": syntax error
2025-12-03 12:55:43,619 - load - ERROR - Error en carga de datos: near "SET": syntax error
2025-12-03 12:55:43,620 - __main__ - ERROR - 
============================================================
2025-12-03 12:55:43,620 - __main__ - ERROR - ERROR EN EL PIPELINE ETL
2025-12-03 12:55:43,620 - __main__ - ERROR - ============================================================
2025-12-03 12:55:43,621 - __main__ - ERROR - Error: near "SET": syntax error
Traceback (most recent call last):
  File "c:\Users\Gael Pérez Cruz\Desktop\pokemon_tcg_analysis\scripts\main_etl.py", line 62, in run_etl_pipeline
    results = load_data_to_db(df_transformed)
  File "c:\Users\Gael Pérez Cruz\Desktop\pokemon_tcg_analysis\scripts\load.py", line 201, in load_data_to_db
    create_database_schema(db_path)
    ~~~~~~~~~~~~~~~~~~~~~~^^^^^^^^^
  File "c:\Users\Gael Pérez Cruz\Desktop\pokemon_tcg_analysis\scripts\load.py", line 41, in create_database_schema
    cursor.executescript(schema_sql)
    ~~~~~~~~~~~~~~~~~~~~^^^^^^^^^^^^
sqlite3.OperationalError: near "SET": syntax error
2025-12-03 12:55:43,624 - __main__ - ERROR - ============================================================
2025-12-03 12:59:07,126 - __main__ - INFO - ============================================================
2025-12-03 12:59:07,126 - __main__ - INFO - INICIANDO PIPELINE ETL - POKÉMON TCG
2025-12-03 12:59:07,127 - __main__ - INFO - Fecha y hora: 2025-12-03 12:59:07.125993
2025-12-03 12:59:07,127 - __main__ - INFO - ============================================================
2025-12-03 12:59:08,039 - __main__ - INFO - 
============================================================
2025-12-03 12:59:08,039 - __main__ - INFO - PASO 1: EXTRACCIÓN DE DATOS
2025-12-03 12:59:08,039 - __main__ - INFO - ============================================================
2025-12-03 12:59:08,040 - extraction - INFO - Extrayendo datos de: C:\Users\Gael Pérez Cruz\Desktop\pokemon_tcg_analysis\data\raw\pokemon_cards.csv
2025-12-03 12:59:08,062 - extraction - INFO - Datos extraídos exitosamente. Forma: (25598, 5)
2025-12-03 12:59:08,062 - extraction - INFO - Columnas: ['Pokemon', 'Card Type', 'Generation', 'Card Number', 'Price']
2025-12-03 12:59:08,062 - extraction - INFO - Número de registros: 25598
2025-12-03 12:59:08,062 - extraction - INFO - Número de columnas: 5
2025-12-03 12:59:08,069 - extraction - INFO - Primeras 5 filas:
    Pokemon     Card Type Generation Card Number  Price
0  AMPHAROS  REVERSE HOLO  AQUAPOLIS  001 OF 147   2.95
1  AMPHAROS      STANDARD  AQUAPOLIS  001 OF 147   2.50
2  ARCANINE  REVERSE HOLO  AQUAPOLIS  002 OF 147   3.95
3  ARCANINE      STANDARD  AQUAPOLIS  002 OF 147   2.95
4   ARIADOS  REVERSE HOLO  AQUAPOLIS  003 OF 147   2.50
2025-12-03 12:59:08,146 - extraction - INFO - Datos crudos guardados en: ../data/raw/raw_data_backup.csv
2025-12-03 12:59:08,147 - __main__ - INFO - 
============================================================
2025-12-03 12:59:08,147 - __main__ - INFO - PASO 2: TRANSFORMACIÓN DE DATOS
2025-12-03 12:59:08,147 - __main__ - INFO - ============================================================
2025-12-03 12:59:08,147 - transformation - INFO - Iniciando transformación de datos...
2025-12-03 12:59:08,182 - transformation - INFO - Precio mínimo: 0.09
2025-12-03 12:59:08,183 - transformation - INFO - Precio máximo: 899.99
2025-12-03 12:59:08,183 - transformation - INFO - Precio promedio: 5.96
2025-12-03 12:59:08,207 - transformation - INFO - Extrayendo información de expansión...
2025-12-03 12:59:08,253 - transformation - INFO - Extrayendo información del número de carta...
2025-12-03 12:59:08,322 - transformation - INFO - Calculando niveles de rareza...
2025-12-03 12:59:08,522 - transformation - INFO - Eliminados 175 registros duplicados
2025-12-03 12:59:08,523 - transformation - INFO - === ESTADÍSTICAS FINALES ===
2025-12-03 12:59:08,523 - transformation - INFO - Total registros: 25423
2025-12-03 12:59:08,525 - transformation - INFO - Pokémon únicos: 3362
2025-12-03 12:59:08,527 - transformation - INFO - Expansiones únicas: 217
2025-12-03 12:59:08,528 - transformation - INFO - Tipos de carta únicos: 88
2025-12-03 12:59:08,531 - transformation - INFO - Distribución de rareza:
rarity_level
Common           21246
Uncommon          1377
Rare               918
Ultra Rare         737
Secret Rare        595
Uncommon Holo      342
Holofoil Rare      206
Common Holo          2
Name: count, dtype: int64
2025-12-03 12:59:08,634 - transformation - INFO - Datos transformados guardados en: ../data/processed/pokemon_cards_clean.csv
2025-12-03 12:59:08,635 - __main__ - INFO - 
============================================================
2025-12-03 12:59:08,635 - __main__ - INFO - PASO 3: CARGA A BASE DE DATOS
2025-12-03 12:59:08,635 - __main__ - INFO - ============================================================
2025-12-03 12:59:08,635 - load - INFO - Iniciando carga de datos a base de datos: pokemon_cards.db
2025-12-03 12:59:08,637 - load - ERROR - Error al crear esquema de base de datos: near "SET": syntax error
2025-12-03 12:59:08,637 - load - ERROR - Error en carga de datos: near "SET": syntax error
2025-12-03 12:59:08,638 - __main__ - ERROR - 
============================================================
2025-12-03 12:59:08,638 - __main__ - ERROR - ERROR EN EL PIPELINE ETL
2025-12-03 12:59:08,638 - __main__ - ERROR - ============================================================
2025-12-03 12:59:08,638 - __main__ - ERROR - Error: near "SET": syntax error
Traceback (most recent call last):
  File "c:\Users\Gael Pérez Cruz\Desktop\pokemon_tcg_analysis\scripts\main_etl.py", line 62, in run_etl_pipeline
    results = load_data_to_db(df_transformed)
  File "c:\Users\Gael Pérez Cruz\Desktop\pokemon_tcg_analysis\scripts\load.py", line 201, in load_data_to_db
    create_database_schema(db_path)
    ~~~~~~~~~~~~~~~~~~~~~~^^^^^^^^^
  File "c:\Users\Gael Pérez Cruz\Desktop\pokemon_tcg_analysis\scripts\load.py", line 41, in create_database_schema
    cursor.executescript(schema_sql)
    ~~~~~~~~~~~~~~~~~~~~^^^^^^^^^^^^
sqlite3.OperationalError: near "SET": syntax error
2025-12-03 12:59:08,641 - __main__ - ERROR - ============================================================
2025-12-03 13:01:33,266 - __main__ - INFO - ============================================================
2025-12-03 13:01:33,266 - __main__ - INFO - INICIANDO PIPELINE ETL - POKÉMON TCG
2025-12-03 13:01:33,266 - __main__ - INFO - Fecha y hora: 2025-12-03 13:01:33.265905
2025-12-03 13:01:33,266 - __main__ - INFO - ============================================================
2025-12-03 13:01:34,286 - __main__ - INFO - 
============================================================
2025-12-03 13:01:34,286 - __main__ - INFO - PASO 1: EXTRACCIÓN DE DATOS
2025-12-03 13:01:34,286 - __main__ - INFO - ============================================================
2025-12-03 13:01:34,287 - extraction - INFO - Extrayendo datos de: C:\Users\Gael Pérez Cruz\Desktop\pokemon_tcg_analysis\data\raw\pokemon_cards.csv
2025-12-03 13:01:34,308 - extraction - INFO - Datos extraídos exitosamente. Forma: (25598, 5)
2025-12-03 13:01:34,308 - extraction - INFO - Columnas: ['Pokemon', 'Card Type', 'Generation', 'Card Number', 'Price']
2025-12-03 13:01:34,309 - extraction - INFO - Número de registros: 25598
2025-12-03 13:01:34,309 - extraction - INFO - Número de columnas: 5
2025-12-03 13:01:34,319 - extraction - INFO - Primeras 5 filas:
    Pokemon     Card Type Generation Card Number  Price
0  AMPHAROS  REVERSE HOLO  AQUAPOLIS  001 OF 147   2.95
1  AMPHAROS      STANDARD  AQUAPOLIS  001 OF 147   2.50
2  ARCANINE  REVERSE HOLO  AQUAPOLIS  002 OF 147   3.95
3  ARCANINE      STANDARD  AQUAPOLIS  002 OF 147   2.95
4   ARIADOS  REVERSE HOLO  AQUAPOLIS  003 OF 147   2.50
2025-12-03 13:01:34,386 - extraction - INFO - Datos crudos guardados en: ../data/raw/raw_data_backup.csv
2025-12-03 13:01:34,386 - __main__ - INFO - 
============================================================
2025-12-03 13:01:34,387 - __main__ - INFO - PASO 2: TRANSFORMACIÓN DE DATOS
2025-12-03 13:01:34,387 - __main__ - INFO - ============================================================
2025-12-03 13:01:34,387 - transformation - INFO - Iniciando transformación de datos...
2025-12-03 13:01:34,420 - transformation - INFO - Precio mínimo: 0.09
2025-12-03 13:01:34,420 - transformation - INFO - Precio máximo: 899.99
2025-12-03 13:01:34,421 - transformation - INFO - Precio promedio: 5.96
2025-12-03 13:01:34,442 - transformation - INFO - Extrayendo información de expansión...
2025-12-03 13:01:34,488 - transformation - INFO - Extrayendo información del número de carta...
2025-12-03 13:01:34,555 - transformation - INFO - Calculando niveles de rareza...
2025-12-03 13:01:34,771 - transformation - INFO - Eliminados 175 registros duplicados
2025-12-03 13:01:34,772 - transformation - INFO - === ESTADÍSTICAS FINALES ===
2025-12-03 13:01:34,772 - transformation - INFO - Total registros: 25423
2025-12-03 13:01:34,775 - transformation - INFO - Pokémon únicos: 3362
2025-12-03 13:01:34,777 - transformation - INFO - Expansiones únicas: 217
2025-12-03 13:01:34,780 - transformation - INFO - Tipos de carta únicos: 88
2025-12-03 13:01:34,784 - transformation - INFO - Distribución de rareza:
rarity_level
Common           21246
Uncommon          1377
Rare               918
Ultra Rare         737
Secret Rare        595
Uncommon Holo      342
Holofoil Rare      206
Common Holo          2
Name: count, dtype: int64
2025-12-03 13:01:34,921 - transformation - INFO - Datos transformados guardados en: ../data/processed/pokemon_cards_clean.csv
2025-12-03 13:01:34,922 - __main__ - INFO - 
============================================================
2025-12-03 13:01:34,922 - __main__ - INFO - PASO 3: CARGA A BASE DE DATOS
2025-12-03 13:01:34,922 - __main__ - INFO - ============================================================
2025-12-03 13:01:34,922 - load - INFO - Iniciando carga de datos a base de datos: pokemon_cards.db
2025-12-03 13:01:34,942 - load - ERROR - Error al crear esquema de base de datos: near "INTO": syntax error
2025-12-03 13:01:34,942 - load - ERROR - Error en carga de datos: near "INTO": syntax error
2025-12-03 13:01:34,942 - __main__ - ERROR - 
============================================================
2025-12-03 13:01:34,943 - __main__ - ERROR - ERROR EN EL PIPELINE ETL
2025-12-03 13:01:34,943 - __main__ - ERROR - ============================================================
2025-12-03 13:01:34,943 - __main__ - ERROR - Error: near "INTO": syntax error
Traceback (most recent call last):
  File "c:\Users\Gael Pérez Cruz\Desktop\pokemon_tcg_analysis\scripts\main_etl.py", line 62, in run_etl_pipeline
    results = load_data_to_db(df_transformed)
  File "c:\Users\Gael Pérez Cruz\Desktop\pokemon_tcg_analysis\scripts\load.py", line 201, in load_data_to_db
    create_database_schema(db_path)
    ~~~~~~~~~~~~~~~~~~~~~~^^^^^^^^^
  File "c:\Users\Gael Pérez Cruz\Desktop\pokemon_tcg_analysis\scripts\load.py", line 41, in create_database_schema
    cursor.executescript(schema_sql)
    ~~~~~~~~~~~~~~~~~~~~^^^^^^^^^^^^
sqlite3.OperationalError: near "INTO": syntax error
2025-12-03 13:01:34,946 - __main__ - ERROR - ============================================================
2025-12-03 13:02:38,308 - __main__ - INFO - ============================================================
2025-12-03 13:02:38,309 - __main__ - INFO - INICIANDO PIPELINE ETL - POKÉMON TCG
2025-12-03 13:02:38,309 - __main__ - INFO - Fecha y hora: 2025-12-03 13:02:38.308512
2025-12-03 13:02:38,309 - __main__ - INFO - ============================================================
2025-12-03 13:02:39,235 - __main__ - INFO - 
============================================================
2025-12-03 13:02:39,235 - __main__ - INFO - PASO 1: EXTRACCIÓN DE DATOS
2025-12-03 13:02:39,236 - __main__ - INFO - ============================================================
2025-12-03 13:02:39,236 - extraction - INFO - Extrayendo datos de: C:\Users\Gael Pérez Cruz\Desktop\pokemon_tcg_analysis\data\raw\pokemon_cards.csv
2025-12-03 13:02:39,259 - extraction - INFO - Datos extraídos exitosamente. Forma: (25598, 5)
2025-12-03 13:02:39,259 - extraction - INFO - Columnas: ['Pokemon', 'Card Type', 'Generation', 'Card Number', 'Price']
2025-12-03 13:02:39,260 - extraction - INFO - Número de registros: 25598
2025-12-03 13:02:39,260 - extraction - INFO - Número de columnas: 5
2025-12-03 13:02:39,272 - extraction - INFO - Primeras 5 filas:
    Pokemon     Card Type Generation Card Number  Price
0  AMPHAROS  REVERSE HOLO  AQUAPOLIS  001 OF 147   2.95
1  AMPHAROS      STANDARD  AQUAPOLIS  001 OF 147   2.50
2  ARCANINE  REVERSE HOLO  AQUAPOLIS  002 OF 147   3.95
3  ARCANINE      STANDARD  AQUAPOLIS  002 OF 147   2.95
4   ARIADOS  REVERSE HOLO  AQUAPOLIS  003 OF 147   2.50
2025-12-03 13:02:39,352 - extraction - INFO - Datos crudos guardados en: ../data/raw/raw_data_backup.csv
2025-12-03 13:02:39,435 - __main__ - INFO - 
============================================================
2025-12-03 13:02:39,436 - __main__ - INFO - PASO 2: TRANSFORMACIÓN DE DATOS
2025-12-03 13:02:39,437 - __main__ - INFO - ============================================================
2025-12-03 13:02:39,438 - transformation - INFO - Iniciando transformación de datos...
2025-12-03 13:02:39,501 - transformation - INFO - Precio mínimo: 0.09
2025-12-03 13:02:39,501 - transformation - INFO - Precio máximo: 899.99
2025-12-03 13:02:39,502 - transformation - INFO - Precio promedio: 5.96
2025-12-03 13:02:39,523 - transformation - INFO - Extrayendo información de expansión...
2025-12-03 13:02:39,566 - transformation - INFO - Extrayendo información del número de carta...
2025-12-03 13:02:39,631 - transformation - INFO - Calculando niveles de rareza...
2025-12-03 13:02:39,861 - transformation - INFO - Eliminados 175 registros duplicados
2025-12-03 13:02:39,862 - transformation - INFO - === ESTADÍSTICAS FINALES ===
2025-12-03 13:02:39,862 - transformation - INFO - Total registros: 25423
2025-12-03 13:02:39,864 - transformation - INFO - Pokémon únicos: 3362
2025-12-03 13:02:39,866 - transformation - INFO - Expansiones únicas: 217
2025-12-03 13:02:39,867 - transformation - INFO - Tipos de carta únicos: 88
2025-12-03 13:02:39,871 - transformation - INFO - Distribución de rareza:
rarity_level
Common           21246
Uncommon          1377
Rare               918
Ultra Rare         737
Secret Rare        595
Uncommon Holo      342
Holofoil Rare      206
Common Holo          2
Name: count, dtype: int64
2025-12-03 13:02:39,985 - transformation - INFO - Datos transformados guardados en: ../data/processed/pokemon_cards_clean.csv
2025-12-03 13:02:39,985 - __main__ - INFO - 
============================================================
2025-12-03 13:02:39,986 - __main__ - INFO - PASO 3: CARGA A BASE DE DATOS
2025-12-03 13:02:39,986 - __main__ - INFO - ============================================================
2025-12-03 13:02:39,986 - load - INFO - Iniciando carga de datos a base de datos: pokemon_cards.db
2025-12-03 13:02:39,998 - load - INFO - Esquema de base de datos creado en: pokemon_cards.db
2025-12-03 13:05:54,105 - load - INFO - Cargadas 217 expansiones únicas
2025-12-03 13:05:57,589 - load - INFO - Cargadas 25423 cartas a la base de datos
2025-12-03 13:05:57,709 - load - INFO - === VERIFICACIÓN DE DATOS ===
2025-12-03 13:05:57,709 - load - INFO - Total cartas: 25423
2025-12-03 13:05:57,709 - load - INFO - Total expansiones: 217
2025-12-03 13:05:57,710 - load - INFO - Precio promedio: 5.95
2025-12-03 13:05:57,710 - load - INFO - Precio máximo: 899.99
2025-12-03 13:05:57,710 - load - INFO - Cartas raras: 2456
2025-12-03 13:05:57,710 - load - INFO - Carga de datos completada exitosamente
2025-12-03 13:05:57,711 - __main__ - INFO - 
============================================================
2025-12-03 13:05:57,711 - __main__ - INFO - PIPELINE ETL COMPLETADO EXITOSAMENTE
2025-12-03 13:05:57,711 - __main__ - INFO - ============================================================
2025-12-03 13:05:57,712 - __main__ - INFO - Duración total: 0:03:19.402700
2025-12-03 13:05:57,712 - __main__ - INFO - Cartas procesadas: 25423
2025-12-03 13:05:57,712 - __main__ - INFO - Expansiones procesadas: 217
2025-12-03 13:05:57,712 - __main__ - INFO - Timestamp: 2025-12-03T13:05:57.710928
2025-12-03 13:05:57,713 - __main__ - INFO - ============================================================
